15:18:28 **** Incremental Build of configuration Debug for project STM_mini_Pro ****
make -j12 all 
arm-none-eabi-gcc -o "STM_mini_Pro.elf" @"objects.list"   -mcpu=cortex-m4 -T"C:\Users\werkm\STM32CubeIDE\workspace_1.16.0\STM_mini_Pro\STM32F407VGTX_FLASH.ld" --specs=nosys.specs -Wl,-Map="STM_mini_Pro.map" -Wl,--gc-sections -static --specs=nano.specs -mfpu=fpv4-sp-d16 -mfloat-abi=hard -mthumb -Wl,--start-group -lc -lm -Wl,--end-group
C:/ST/STM32CubeIDE_1.16.0/STM32CubeIDE/plugins/com.st.stm32cube.ide.mcu.externaltools.gnu-tools-for-stm32.12.3.rel1.win32_1.0.200.202406191623/tools/bin/../lib/gcc/arm-none-eabi/12.3.1/../../../../arm-none-eabi/bin/ld.exe: ./Drivers/STM32F4xx_HAL_Driver/Src/stm32f4xx_hal.o:C:/Users/werkm/STM32CubeIDE/workspace_1.16.0/STM_mini_Pro/Debug/../Drivers/STM32F4xx_HAL_Driver/Src/stm32f4xx_hal.c:44: multiple definition of `htim4'; ./Core/Src/main.o:C:/Users/werkm/STM32CubeIDE/workspace_1.16.0/STM_mini_Pro/Debug/../Core/Src/main.c:44: first defined here
C:/ST/STM32CubeIDE_1.16.0/STM32CubeIDE/plugins/com.st.stm32cube.ide.mcu.externaltools.gnu-tools-for-stm32.12.3.rel1.win32_1.0.200.202406191623/tools/bin/../lib/gcc/arm-none-eabi/12.3.1/../../../../arm-none-eabi/bin/ld.exe: ./Drivers/STM32F4xx_HAL_Driver/Src/stm32f4xx_hal.o:C:/Users/werkm/STM32CubeIDE/workspace_1.16.0/STM_mini_Pro/Debug/../Drivers/STM32F4xx_HAL_Driver/Src/stm32f4xx_hal.c:45: multiple definition of `huart2'; ./Core/Src/main.o:C:/Users/werkm/STM32CubeIDE/workspace_1.16.0/STM_mini_Pro/Debug/../Core/Src/main.c:45: first defined here
C:/ST/STM32CubeIDE_1.16.0/STM32CubeIDE/plugins/com.st.stm32cube.ide.mcu.externaltools.gnu-tools-for-stm32.12.3.rel1.win32_1.0.200.202406191623/tools/bin/../lib/gcc/arm-none-eabi/12.3.1/../../../../arm-none-eabi/bin/ld.exe: ./Drivers/STM32F4xx_HAL_Driver/Src/stm32f4xx_hal.o:C:/Users/werkm/STM32CubeIDE/workspace_1.16.0/STM_mini_Pro/Debug/../Drivers/STM32F4xx_HAL_Driver/Src/stm32f4xx_hal.c:50: multiple definition of `data'; ./Core/Src/main.o:C:/Users/werkm/STM32CubeIDE/workspace_1.16.0/STM_mini_Pro/Debug/../Core/Src/main.c:50: first defined here
C:/ST/STM32CubeIDE_1.16.0/STM32CubeIDE/plugins/com.st.stm32cube.ide.mcu.externaltools.gnu-tools-for-stm32.12.3.rel1.win32_1.0.200.202406191623/tools/bin/../lib/gcc/arm-none-eabi/12.3.1/../../../../arm-none-eabi/bin/ld.exe: ./Drivers/STM32F4xx_HAL_Driver/Src/stm32f4xx_hal.o: in function `HAL_TIM_PeriodElapsedCallback':
C:/Users/werkm/STM32CubeIDE/workspace_1.16.0/STM_mini_Pro/Debug/../Drivers/STM32F4xx_HAL_Driver/Src/stm32f4xx_hal.c:66: multiple definition of `HAL_TIM_PeriodElapsedCallback'; ./Core/Src/main.o:C:/Users/werkm/STM32CubeIDE/workspace_1.16.0/STM_mini_Pro/Debug/../Core/Src/main.c:66: first defined here
C:/ST/STM32CubeIDE_1.16.0/STM32CubeIDE/plugins/com.st.stm32cube.ide.mcu.externaltools.gnu-tools-for-stm32.12.3.rel1.win32_1.0.200.202406191623/tools/bin/../lib/gcc/arm-none-eabi/12.3.1/../../../../arm-none-eabi/bin/ld.exe: ./Drivers/STM32F4xx_HAL_Driver/Src/stm32f4xx_hal.o: in function `main':
C:/Users/werkm/STM32CubeIDE/workspace_1.16.0/STM_mini_Pro/Debug/../Drivers/STM32F4xx_HAL_Driver/Src/stm32f4xx_hal.c:82: multiple definition of `main'; ./Core/Src/main.o:C:/Users/werkm/STM32CubeIDE/workspace_1.16.0/STM_mini_Pro/Debug/../Core/Src/main.c:82: first defined here
C:/ST/STM32CubeIDE_1.16.0/STM32CubeIDE/plugins/com.st.stm32cube.ide.mcu.externaltools.gnu-tools-for-stm32.12.3.rel1.win32_1.0.200.202406191623/tools/bin/../lib/gcc/arm-none-eabi/12.3.1/../../../../arm-none-eabi/bin/ld.exe: ./Drivers/STM32F4xx_HAL_Driver/Src/stm32f4xx_hal.o: in function `SystemClock_Config':
C:/Users/werkm/STM32CubeIDE/workspace_1.16.0/STM_mini_Pro/Debug/../Drivers/STM32F4xx_HAL_Driver/Src/stm32f4xx_hal.c:139: multiple definition of `SystemClock_Config'; ./Core/Src/main.o:C:/Users/werkm/STM32CubeIDE/workspace_1.16.0/STM_mini_Pro/Debug/../Core/Src/main.c:139: first defined here
C:/ST/STM32CubeIDE_1.16.0/STM32CubeIDE/plugins/com.st.stm32cube.ide.mcu.externaltools.gnu-tools-for-stm32.12.3.rel1.win32_1.0.200.202406191623/tools/bin/../lib/gcc/arm-none-eabi/12.3.1/../../../../arm-none-eabi/bin/ld.exe: ./Drivers/STM32F4xx_HAL_Driver/Src/stm32f4xx_hal.o: in function `Error_Handler':
C:/Users/werkm/STM32CubeIDE/workspace_1.16.0/STM_mini_Pro/Debug/../Drivers/STM32F4xx_HAL_Driver/Src/stm32f4xx_hal.c:230: multiple definition of `Error_Handler'; ./Core/Src/main.o:C:/Users/werkm/STM32CubeIDE/workspace_1.16.0/STM_mini_Pro/Debug/../Core/Src/main.c:230: first defined here
C:/ST/STM32CubeIDE_1.16.0/STM32CubeIDE/plugins/com.st.stm32cube.ide.mcu.externaltools.gnu-tools-for-stm32.12.3.rel1.win32_1.0.200.202406191623/tools/bin/../lib/gcc/arm-none-eabi/12.3.1/../../../../arm-none-eabi/bin/ld.exe: ./Core/Src/main.o: in function `main':
C:/Users/werkm/STM32CubeIDE/workspace_1.16.0/STM_mini_Pro/Debug/../Core/Src/main.c:89: undefined reference to `HAL_Init'
C:/ST/STM32CubeIDE_1.16.0/STM32CubeIDE/plugins/com.st.stm32cube.ide.mcu.externaltools.gnu-tools-for-stm32.12.3.rel1.win32_1.0.200.202406191623/tools/bin/../lib/gcc/arm-none-eabi/12.3.1/../../../../arm-none-eabi/bin/ld.exe: C:/Users/werkm/STM32CubeIDE/workspace_1.16.0/STM_mini_Pro/Debug/../Core/Src/main.c:114: undefined reference to `HAL_Delay'
C:/ST/STM32CubeIDE_1.16.0/STM32CubeIDE/plugins/com.st.stm32cube.ide.mcu.externaltools.gnu-tools-for-stm32.12.3.rel1.win32_1.0.200.202406191623/tools/bin/../lib/gcc/arm-none-eabi/12.3.1/../../../../arm-none-eabi/bin/ld.exe: ./Core/Src/stm32f4xx_it.o: in function `SysTick_Handler':
C:/Users/werkm/STM32CubeIDE/workspace_1.16.0/STM_mini_Pro/Debug/../Core/Src/stm32f4xx_it.c:188: undefined reference to `HAL_IncTick'
C:/ST/STM32CubeIDE_1.16.0/STM32CubeIDE/plugins/com.st.stm32cube.ide.mcu.externaltools.gnu-tools-for-stm32.12.3.rel1.win32_1.0.200.202406191623/tools/bin/../lib/gcc/arm-none-eabi/12.3.1/../../../../arm-none-eabi/bin/ld.exe: ./Drivers/STM32F4xx_HAL_Driver/Src/stm32f4xx_hal_rcc.o: in function `HAL_RCC_OscConfig':
C:/Users/werkm/STM32CubeIDE/workspace_1.16.0/STM_mini_Pro/Debug/../Drivers/STM32F4xx_HAL_Driver/Src/stm32f4xx_hal_rcc.c:254: undefined reference to `HAL_GetTick'
C:/ST/STM32CubeIDE_1.16.0/STM32CubeIDE/plugins/com.st.stm32cube.ide.mcu.externaltools.gnu-tools-for-stm32.12.3.rel1.win32_1.0.200.202406191623/tools/bin/../lib/gcc/arm-none-eabi/12.3.1/../../../../arm-none-eabi/bin/ld.exe: C:/Users/werkm/STM32CubeIDE/workspace_1.16.0/STM_mini_Pro/Debug/../Drivers/STM32F4xx_HAL_Driver/Src/stm32f4xx_hal_rcc.c:259: undefined reference to `HAL_GetTick'
C:/ST/STM32CubeIDE_1.16.0/STM32CubeIDE/plugins/com.st.stm32cube.ide.mcu.externaltools.gnu-tools-for-stm32.12.3.rel1.win32_1.0.200.202406191623/tools/bin/../lib/gcc/arm-none-eabi/12.3.1/../../../../arm-none-eabi/bin/ld.exe: C:/Users/werkm/STM32CubeIDE/workspace_1.16.0/STM_mini_Pro/Debug/../Drivers/STM32F4xx_HAL_Driver/Src/stm32f4xx_hal_rcc.c:268: undefined reference to `HAL_GetTick'
C:/ST/STM32CubeIDE_1.16.0/STM32CubeIDE/plugins/com.st.stm32cube.ide.mcu.externaltools.gnu-tools-for-stm32.12.3.rel1.win32_1.0.200.202406191623/tools/bin/../lib/gcc/arm-none-eabi/12.3.1/../../../../arm-none-eabi/bin/ld.exe: C:/Users/werkm/STM32CubeIDE/workspace_1.16.0/STM_mini_Pro/Debug/../Drivers/STM32F4xx_HAL_Driver/Src/stm32f4xx_hal_rcc.c:273: undefined reference to `HAL_GetTick'
C:/ST/STM32CubeIDE_1.16.0/STM32CubeIDE/plugins/com.st.stm32cube.ide.mcu.externaltools.gnu-tools-for-stm32.12.3.rel1.win32_1.0.200.202406191623/tools/bin/../lib/gcc/arm-none-eabi/12.3.1/../../../../arm-none-eabi/bin/ld.exe: C:/Users/werkm/STM32CubeIDE/workspace_1.16.0/STM_mini_Pro/Debug/../Drivers/STM32F4xx_HAL_Driver/Src/stm32f4xx_hal_rcc.c:313: undefined reference to `HAL_GetTick'
C:/ST/STM32CubeIDE_1.16.0/STM32CubeIDE/plugins/com.st.stm32cube.ide.mcu.externaltools.gnu-tools-for-stm32.12.3.rel1.win32_1.0.200.202406191623/tools/bin/../lib/gcc/arm-none-eabi/12.3.1/../../../../arm-none-eabi/bin/ld.exe: ./Drivers/STM32F4xx_HAL_Driver/Src/stm32f4xx_hal_rcc.o:C:/Users/werkm/STM32CubeIDE/workspace_1.16.0/STM_mini_Pro/Debug/../Drivers/STM32F4xx_HAL_Driver/Src/stm32f4xx_hal_rcc.c:318: more undefined references to `HAL_GetTick' follow
C:/ST/STM32CubeIDE_1.16.0/STM32CubeIDE/plugins/com.st.stm32cube.ide.mcu.externaltools.gnu-tools-for-stm32.12.3.rel1.win32_1.0.200.202406191623/tools/bin/../lib/gcc/arm-none-eabi/12.3.1/../../../../arm-none-eabi/bin/ld.exe: ./Drivers/STM32F4xx_HAL_Driver/Src/stm32f4xx_hal_rcc.o: in function `HAL_RCC_ClockConfig':
C:/Users/werkm/STM32CubeIDE/workspace_1.16.0/STM_mini_Pro/Debug/../Drivers/STM32F4xx_HAL_Driver/Src/stm32f4xx_hal_rcc.c:722: undefined reference to `HAL_InitTick'
C:/ST/STM32CubeIDE_1.16.0/STM32CubeIDE/plugins/com.st.stm32cube.ide.mcu.externaltools.gnu-tools-for-stm32.12.3.rel1.win32_1.0.200.202406191623/tools/bin/../lib/gcc/arm-none-eabi/12.3.1/../../../../arm-none-eabi/bin/ld.exe: C:/Users/werkm/STM32CubeIDE/workspace_1.16.0/STM_mini_Pro/Debug/../Drivers/STM32F4xx_HAL_Driver/Src/stm32f4xx_hal_rcc.c:725: undefined reference to `uwTickPrio'
C:/ST/STM32CubeIDE_1.16.0/STM32CubeIDE/plugins/com.st.stm32cube.ide.mcu.externaltools.gnu-tools-for-stm32.12.3.rel1.win32_1.0.200.202406191623/tools/bin/../lib/gcc/arm-none-eabi/12.3.1/../../../../arm-none-eabi/bin/ld.exe: ./Drivers/STM32F4xx_HAL_Driver/Src/stm32f4xx_hal_uart.o: in function `HAL_UART_Transmit':
C:/Users/werkm/STM32CubeIDE/workspace_1.16.0/STM_mini_Pro/Debug/../Drivers/STM32F4xx_HAL_Driver/Src/stm32f4xx_hal_uart.c:1153: undefined reference to `HAL_GetTick'
C:/ST/STM32CubeIDE_1.16.0/STM32CubeIDE/plugins/com.st.stm32cube.ide.mcu.externaltools.gnu-tools-for-stm32.12.3.rel1.win32_1.0.200.202406191623/tools/bin/../lib/gcc/arm-none-eabi/12.3.1/../../../../arm-none-eabi/bin/ld.exe: ./Drivers/STM32F4xx_HAL_Driver/Src/stm32f4xx_hal_uart.o: in function `UART_WaitOnFlagUntilTimeout':
C:/Users/werkm/STM32CubeIDE/workspace_1.16.0/STM_mini_Pro/Debug/../Drivers/STM32F4xx_HAL_Driver/Src/stm32f4xx_hal_uart.c:3194: undefined reference to `HAL_GetTick'
collect2.exe: error: ld returned 1 exit status
make: *** [makefile:64: STM_mini_Pro.elf] Error 1
"make -j12 all" terminated with exit code 2. Build might be incomplete.

15:18:28 Build Failed. 21 errors, 0 warnings. (took 358ms)

